Arguments: 
  /usr/local/bin/node /home/mono/.yarn/bin/yarn.js add axiox json-server

PATH: 
  /home/mono/.yarn/bin:/home/mono/.config/yarn/global/node_modules/.bin:/home/mono/.krew/bin:/home/mono/Documents/Development/flutter/bin:/Users/jason/.node/bin:/home/mono/.local/share/umake/bin:/home/mono/bin:/home/mono/.local/bin:/usr/local/sbin:/usr/local/bin:/usr/sbin:/usr/bin:/sbin:/bin:/usr/games:/usr/local/games:/snap/bin:/home/mono/miniconda/bin:/home/mono/miniconda/bin:/home/mono/Documents/Development/flutter/bin:/snap/bin

Yarn version: 
  1.22.5

Node version: 
  12.3.1

Platform: 
  linux x64

Trace: 
  Error: https://registry.yarnpkg.com/axiox: Not found
      at Request.params.callback [as _callback] (/home/mono/.yarn/lib/cli.js:66988:18)
      at Request.self.callback (/home/mono/.yarn/lib/cli.js:140749:22)
      at Request.emit (events.js:200:13)
      at Request.<anonymous> (/home/mono/.yarn/lib/cli.js:141721:10)
      at Request.emit (events.js:200:13)
      at IncomingMessage.<anonymous> (/home/mono/.yarn/lib/cli.js:141643:12)
      at Object.onceWrapper (events.js:288:20)
      at IncomingMessage.emit (events.js:205:15)
      at endReadableNT (_stream_readable.js:1137:12)
      at processTicksAndRejections (internal/process/task_queues.js:84:9)

npm manifest: 
  {
    "devDependencies": {
      "typescript": "^4.1.3"
    }
  }

yarn manifest: 
  No manifest

Lockfile: 
  # THIS IS AN AUTOGENERATED FILE. DO NOT EDIT THIS FILE DIRECTLY.
  # yarn lockfile v1
  
  
  typescript@^4.1.3:
    version "4.1.3"
    resolved "https://registry.yarnpkg.com/typescript/-/typescript-4.1.3.tgz#519d582bd94cba0cf8934c7d8e8467e473f53bb7"
    integrity sha512-B3ZIOf1IKeH2ixgHhj6la6xdwR9QrLC5d1VKeCSY4tvkqhF2eqd9O7txNlS0PO3GrBAFIdr3L1ndNwteUbZLYg==
